mkdir: cannot create directory ‘out’: File exists
make: Entering directory '/home/edward/build-kernel/sm6225'
make[1]: Entering directory '/home/edward/build-kernel/sm6225/out'
  GEN     ./Makefile
drivers/sensors/Kconfig:181: warning: 'SENSORS_A96T365IF' defined with blank help text
drivers/usb/common/vbus_notifier/Kconfig:4:warning: ignoring type redefinition of 'VBUS_NOTIFIER' from 'bool' to 'tristate'
drivers/samsung/debug/Kconfig:30:warning: defaults for choice values not supported
KCONFIG_VARIANT((null))
KCONFIG_DEBUG((null))
#
# configuration written to .config
#
make[1]: Leaving directory '/home/edward/build-kernel/sm6225/out'
make: Leaving directory '/home/edward/build-kernel/sm6225'
make: Entering directory '/home/edward/build-kernel/sm6225'
make[1]: Entering directory '/home/edward/build-kernel/sm6225/out'
  GEN     ./Makefile
scripts/kconfig/conf  --syncconfig Kconfig
drivers/sensors/Kconfig:181: warning: 'SENSORS_A96T365IF' defined with blank help text
drivers/usb/common/vbus_notifier/Kconfig:4:warning: ignoring type redefinition of 'VBUS_NOTIFIER' from 'bool' to 'tristate'
drivers/samsung/debug/Kconfig:30:warning: defaults for choice values not supported
  GEN     ./Makefile
../security/samsung/defex_lsm/Makefile:29: [DEFEX] INTEGRITY_ENABLE
../security/samsung/defex_lsm/Makefile:155: [DEFEX] DEBUG_ENABLE
-- KernelSU version: 11838
-- KernelSU Manager signature size: 0x033b
-- KernelSU Manager signature hash: c371061b19d8c7d7d6133c6a9bafe198fa944e50c1b31c9d8daa8d7f1fc2d2d6
-- Did you know you can backport path_umount to fs/namespace.c from 5.9?
-- Read: https://kernelsu.org/guide/how-to-integrate-for-non-gki.html#how-to-backport-path-umount
  Using .. as source for kernel
  CALL    ../scripts/checksyscalls.sh
  CHK     include/generated/compile.h
../security/samsung/defex_lsm/Makefile:29: [DEFEX] INTEGRITY_ENABLE
../security/samsung/defex_lsm/Makefile:155: [DEFEX] DEBUG_ENABLE
  GZIP    kernel/config_data.gz
  CHK     kernel/kheaders_data.tar.xz
  UPD     kernel/config_data.h
  CC      kernel/configs.o
  GEN     kernel/kheaders_data.tar.xz
-- KernelSU version: 11838
-- KernelSU Manager signature size: 0x033b
-- KernelSU Manager signature hash: c371061b19d8c7d7d6133c6a9bafe198fa944e50c1b31c9d8daa8d7f1fc2d2d6
-- Did you know you can backport path_umount to fs/namespace.c from 5.9?
-- Read: https://kernelsu.org/guide/how-to-integrate-for-non-gki.html#how-to-backport-path-umount
  CC      net/ncm/ncm.o
  DTC     arch/arm64/boot/dts/samsung/a23/a23/../../../vendor/qcom/khaje.dtb
  DTC     arch/arm64/boot/dts/samsung/a23/a23/a23_eur_open_w00_r00.dtbo
  DTC     arch/arm64/boot/dts/samsung/a23/a23/a23_eur_open_w00_r01.dtbo
  DTC     arch/arm64/boot/dts/samsung/a23/a23/a23_eur_open_w00_r08.dtbo
  DTC     arch/arm64/boot/dts/samsung/a23/a23/a23_eur_open_w00_r09.dtbo
  AR      net/ncm/built-in.a
  AR      net/built-in.a
  CC [M]  drivers/staging/qcacld-3.0/core/hdd/src/wlan_hdd_main.o
  LD [M]  drivers/staging/qcacld-3.0/wlan.o
  CC      kernel/kheaders.o
  AR      kernel/built-in.a
  CC      techpack/audio/ipc/apr.o
  CC      techpack/audio/ipc/apr_v2.o
  CC      techpack/audio/ipc/apr_tal_rpmsg.o
  AR      techpack/audio/ipc/built-in.a
  AR      techpack/audio/built-in.a
  AR      techpack/built-in.a
  GEN     .version
  CHK     include/generated/compile.h
  UPD     include/generated/compile.h
  CC      init/version.o
  AR      init/built-in.a
  AR      built-in.a
  MODPOST vmlinux.o
WARNING: EXPORT symbol "gsi_write_channel_scratch" [vmlinux] version generation failed, symbol will not be versioned.
  KSYM    .tmp_kallsyms1.o
  KSYM    .tmp_kallsyms2.o
  LD      vmlinux
  SORTEX  vmlinux
  SYSMAP  System.map
  OBJCOPY arch/arm64/boot/Image
  Building modules, stage 2.
  MODPOST 1 modules
WARNING: EXPORT symbol "gsi_write_channel_scratch" [vmlinux] version generation failed, symbol will not be versioned.
  GZIP    arch/arm64/boot/Image.gz
  CC      drivers/staging/qcacld-3.0/wlan.mod.o
  LD [M]  drivers/staging/qcacld-3.0/wlan.ko
make[1]: Leaving directory '/home/edward/build-kernel/sm6225/out'
make: Leaving directory '/home/edward/build-kernel/sm6225'
make: Entering directory '/home/edward/build-kernel/sm6225'
make[1]: Entering directory '/home/edward/build-kernel/sm6225/out'
  INSTALL drivers/staging/qcacld-3.0/wlan.ko
  DEPMOD  4.19.157-ksu-perf+
depmod: WARNING: could not open modules.builtin.modinfo at /home/edward/build-kernel/sm6225/out/kernel_modules/lib/modules/4.19.157-ksu-perf+: No such file or directory
make[1]: Leaving directory '/home/edward/build-kernel/sm6225/out'
make: Leaving directory '/home/edward/build-kernel/sm6225'
make: Entering directory '/home/edward/build-kernel/sm6225'
make[1]: Entering directory '/home/edward/build-kernel/sm6225/out'
  GEN     ./Makefile
  Using .. as source for kernel
  CALL    ../scripts/checksyscalls.sh
make[1]: Leaving directory '/home/edward/build-kernel/sm6225/out'
make: Leaving directory '/home/edward/build-kernel/sm6225'
